[debug] [2024-06-01T17:21:00.691Z] ----------------------------------------------------------------------
[debug] [2024-06-01T17:21:00.695Z] Command:       C:\Program Files\nodejs\node.exe C:\Users\richa\AppData\Roaming\npm\node_modules\firebase-tools\lib\bin\firebase.js init
[debug] [2024-06-01T17:21:00.696Z] CLI Version:   13.10.2
[debug] [2024-06-01T17:21:00.696Z] Platform:      win32
[debug] [2024-06-01T17:21:00.697Z] Node Version:  v21.0.0
[debug] [2024-06-01T17:21:00.697Z] Time:          Sat Jun 01 2024 19:21:00 GMT+0200 (Central European Summer Time)
[debug] [2024-06-01T17:21:00.697Z] ----------------------------------------------------------------------
[debug] 
[debug] [2024-06-01T17:21:00.707Z] > command requires scopes: ["email","openid","https://www.googleapis.com/auth/cloudplatformprojects.readonly","https://www.googleapis.com/auth/firebase","https://www.googleapis.com/auth/cloud-platform"]
[debug] [2024-06-01T17:21:00.707Z] > authorizing via signed-in user (aigner.richard.014@gmail.com)
[info] 
     ######## #### ########  ######## ########     ###     ######  ########
     ##        ##  ##     ## ##       ##     ##  ##   ##  ##       ##
     ######    ##  ########  ######   ########  #########  ######  ######
     ##        ##  ##    ##  ##       ##     ## ##     ##       ## ##
     ##       #### ##     ## ######## ########  ##     ##  ######  ########

You're about to initialize a Firebase project in this directory:

  C:\Users\richa\github\reacttennis\tennismanager

[info] 
=== Project Setup
[info] 
[info] First, let's associate this project directory with a Firebase project.
[info] You can create multiple project aliases by running firebase use --add, 
[info] but for now we'll just set up a default project.
[info] 
[debug] [2024-06-01T17:21:57.076Z] >>> [apiv2][query] GET https://firebase.googleapis.com/v1beta1/projects pageSize=100
[debug] [2024-06-01T17:21:57.744Z] <<< [apiv2][status] GET https://firebase.googleapis.com/v1beta1/projects 200
[debug] [2024-06-01T17:21:57.744Z] <<< [apiv2][body] GET https://firebase.googleapis.com/v1beta1/projects [omitted]
[info] i  Using project tennismanager-507b5 (tennismanager) 
[info] 
=== Hosting Setup
[debug] [2024-06-01T17:22:07.643Z] >>> [apiv2][query] GET https://firebase.googleapis.com/v1beta1/projects/tennismanager-507b5 [none]
[debug] [2024-06-01T17:22:08.012Z] <<< [apiv2][status] GET https://firebase.googleapis.com/v1beta1/projects/tennismanager-507b5 200
[debug] [2024-06-01T17:22:08.013Z] <<< [apiv2][body] GET https://firebase.googleapis.com/v1beta1/projects/tennismanager-507b5 {"projectId":"tennismanager-507b5","projectNumber":"162642281727","displayName":"tennismanager","name":"projects/tennismanager-507b5","resources":{"hostingSite":"tennismanager-507b5"},"state":"ACTIVE","etag":"1_a88a73ff-ed31-447f-9a18-58e5263b44df"}
[info] 
[info] Your public directory is the folder (relative to your project directory) that
[info] will contain Hosting assets to be uploaded with firebase deploy. If you
[info] have a build process for your assets, use your build's output directory.
[info] 
[info] +  Wrote public/404.html 
[debug] [2024-06-01T17:23:21.773Z] >>> [apiv2][query] GET https://www.gstatic.com/firebasejs/releases.json [none]
[debug] [2024-06-01T17:23:21.899Z] <<< [apiv2][status] GET https://www.gstatic.com/firebasejs/releases.json 200
[debug] [2024-06-01T17:23:21.899Z] <<< [apiv2][body] GET https://www.gstatic.com/firebasejs/releases.json {"current":{"version":"10.12.2","browserURL":"https://www.gstatic.com/firebasejs/10.12.2/firebase.js","packageURL":"https://www.gstatic.com/firebasejs/10.12.2/firebase.tgz"},"live":{"version":"10.12","browserURL":"https://www.gstatic.com/firebasejs/live/10.12/firebase.js","packageURL":"https://www.gstatic.com/firebasejs/live/10.12/firebase.tgz"},"components":{"analytics":"https://www.gstatic.com/firebasejs/10.12.2/firebase-analytics.js","app":"https://www.gstatic.com/firebasejs/10.12.2/firebase-app.js","app-check":"https://www.gstatic.com/firebasejs/10.12.2/firebase-app-check.js","auth":"https://www.gstatic.com/firebasejs/10.12.2/firebase-auth.js","auth/cordova":"https://www.gstatic.com/firebasejs/10.12.2/firebase-auth/cordova.js","auth/web-extension":"https://www.gstatic.com/firebasejs/10.12.2/firebase-auth/web-extension.js","functions":"https://www.gstatic.com/firebasejs/10.12.2/firebase-functions.js","firestore":"https://www.gstatic.com/firebasejs/10.12.2/firebase-firestore.js","firestore/lite":"https://www.gstatic.com/firebasejs/10.12.2/firebase-firestore/lite.js","installations":"https://www.gstatic.com/firebasejs/10.12.2/firebase-installations.js","storage":"https://www.gstatic.com/firebasejs/10.12.2/firebase-storage.js","performance":"https://www.gstatic.com/firebasejs/10.12.2/firebase-performance.js","remote-config":"https://www.gstatic.com/firebasejs/10.12.2/firebase-remote-config.js","messaging":"https://www.gstatic.com/firebasejs/10.12.2/firebase-messaging.js","messaging/sw":"https://www.gstatic.com/firebasejs/10.12.2/firebase-messaging/sw.js","database":"https://www.gstatic.com/firebasejs/10.12.2/firebase-database.js","vertexai-preview":"https://www.gstatic.com/firebasejs/10.12.2/firebase-vertexai-preview.js","firestore.memory":"https://www.gstatic.com/firebasejs/10.12.2/firebase-firestore.memory.js"}}
[debug] [2024-06-01T17:23:45.571Z] ----------------------------------------------------------------------
[debug] [2024-06-01T17:23:45.575Z] Command:       C:\Program Files\nodejs\node.exe C:\Users\richa\AppData\Roaming\npm\node_modules\firebase-tools\lib\bin\firebase.js init
[debug] [2024-06-01T17:23:45.575Z] CLI Version:   13.10.2
[debug] [2024-06-01T17:23:45.576Z] Platform:      win32
[debug] [2024-06-01T17:23:45.576Z] Node Version:  v21.0.0
[debug] [2024-06-01T17:23:45.576Z] Time:          Sat Jun 01 2024 19:23:45 GMT+0200 (Central European Summer Time)
[debug] [2024-06-01T17:23:45.576Z] ----------------------------------------------------------------------
[debug] 
[debug] [2024-06-01T17:23:45.586Z] > command requires scopes: ["email","openid","https://www.googleapis.com/auth/cloudplatformprojects.readonly","https://www.googleapis.com/auth/firebase","https://www.googleapis.com/auth/cloud-platform"]
[debug] [2024-06-01T17:23:45.586Z] > authorizing via signed-in user (aigner.richard.014@gmail.com)
[info] 
     ######## #### ########  ######## ########     ###     ######  ########
     ##        ##  ##     ## ##       ##     ##  ##   ##  ##       ##
     ######    ##  ########  ######   ########  #########  ######  ######
     ##        ##  ##    ##  ##       ##     ## ##     ##       ## ##
     ##       #### ##     ## ######## ########  ##     ##  ######  ########

You're about to initialize a Firebase project in this directory:

  C:\Users\richa\github\reacttennis\tennismanager

[info] 
=== Project Setup
[info] 
[info] First, let's associate this project directory with a Firebase project.
[info] You can create multiple project aliases by running firebase use --add, 
[info] but for now we'll just set up a default project.
[info] 
[debug] [2024-06-01T17:23:54.789Z] >>> [apiv2][query] GET https://firebase.googleapis.com/v1beta1/projects pageSize=100
[debug] [2024-06-01T17:23:55.310Z] <<< [apiv2][status] GET https://firebase.googleapis.com/v1beta1/projects 200
[debug] [2024-06-01T17:23:55.310Z] <<< [apiv2][body] GET https://firebase.googleapis.com/v1beta1/projects [omitted]
[info] i  Using project tennismanager-507b5 (tennismanager) 
[info] 
=== Hosting Setup
[debug] [2024-06-01T17:23:56.131Z] >>> [apiv2][query] GET https://firebase.googleapis.com/v1beta1/projects/tennismanager-507b5 [none]
[debug] [2024-06-01T17:23:56.342Z] <<< [apiv2][status] GET https://firebase.googleapis.com/v1beta1/projects/tennismanager-507b5 200
[debug] [2024-06-01T17:23:56.342Z] <<< [apiv2][body] GET https://firebase.googleapis.com/v1beta1/projects/tennismanager-507b5 {"projectId":"tennismanager-507b5","projectNumber":"162642281727","displayName":"tennismanager","name":"projects/tennismanager-507b5","resources":{"hostingSite":"tennismanager-507b5"},"state":"ACTIVE","etag":"1_a88a73ff-ed31-447f-9a18-58e5263b44df"}
[info] 
[info] Your public directory is the folder (relative to your project directory) that
[info] will contain Hosting assets to be uploaded with firebase deploy. If you
[info] have a build process for your assets, use your build's output directory.
[info] 
